<?xml version="1.0" encoding="UTF-8"?>
<!-- Generated by org.testng.reporters.JUnitXMLReporter -->
<testsuite ignored="0" hostname="Surendran" failures="0" tests="3" name="Test" time="231.858" errors="0" timestamp="2023-05-26T23:07:47 IST">
  <testcase classname="remoteTesting.dockerValidation.chromeTest1" name="@AfterTest stopDockerDeleteFile" time="49.313">
    <failure type="java.lang.AssertionError" message="expected [true] but found [false]">
      <![CDATA[java.lang.AssertionError: expected [true] but found [false]
at remoteTesting.dockerValidation.stopDocker.stopFile(stopDocker.java:57)
at remoteTesting.dockerValidation.chromeTest1.stopDockerDeleteFile(chromeTest1.java:35)
... Removed 28 stack frames]]>
    </failure>
  </testcase> <!-- @AfterTest stopDockerDeleteFile -->
  <testcase classname="remoteTesting.dockerValidation.chromeTest1" name="test1" time="89.009"/>
  <testcase classname="remoteTesting.dockerValidation.chromeTest2" name="test2" time="107.244"/>
  <testcase classname="remoteTesting.dockerValidation.chromeTest3" name="test3" time="140.335"/>
</testsuite> <!-- Test -->
