<?xml version="1.0" encoding="UTF-8"?>
<testng-results ignored="0" total="3" passed="3" failed="0" skipped="0">
  <reporter-output>
  </reporter-output>
  <suite started-at="2023-05-26T23:03:55 IST" name="Suite" finished-at="2023-05-26T23:07:47 IST" duration-ms="231858">
    <groups>
    </groups>
    <test started-at="2023-05-26T23:03:55 IST" name="Test" finished-at="2023-05-26T23:07:47 IST" duration-ms="231858">
      <class name="remoteTesting.dockerValidation.chromeTest1">
        <test-method is-config="true" signature="startDockerScale()[pri:0, instance:remoteTesting.dockerValidation.chromeTest1@31fa1761]" started-at="2023-05-26T23:03:55 IST" name="startDockerScale" finished-at="2023-05-26T23:04:37 IST" duration-ms="41947" status="PASS">
          <reporter-output>
          </reporter-output>
        </test-method> <!-- startDockerScale -->
        <test-method signature="test1()[pri:0, instance:remoteTesting.dockerValidation.chromeTest1@31fa1761]" started-at="2023-05-26T23:04:37 IST" name="test1" finished-at="2023-05-26T23:06:06 IST" duration-ms="89009" status="PASS">
          <reporter-output>
          </reporter-output>
        </test-method> <!-- test1 -->
        <test-method is-config="true" signature="stopDockerDeleteFile()[pri:0, instance:remoteTesting.dockerValidation.chromeTest1@31fa1761]" started-at="2023-05-26T23:06:57 IST" name="stopDockerDeleteFile" finished-at="2023-05-26T23:07:47 IST" duration-ms="49313" status="FAIL">
          <exception class="java.lang.AssertionError">
            <message>
              <![CDATA[expected [true] but found [false]]]>
            </message>
            <full-stacktrace>
              <![CDATA[java.lang.AssertionError: expected [true] but found [false]
at org.testng.Assert.fail(Assert.java:99)
at org.testng.Assert.failNotEquals(Assert.java:1037)
at org.testng.Assert.assertTrue(Assert.java:45)
at org.testng.Assert.assertTrue(Assert.java:55)
at remoteTesting.dockerValidation.stopDocker.stopFile(stopDocker.java:57)
at remoteTesting.dockerValidation.chromeTest1.stopDockerDeleteFile(chromeTest1.java:35)
at java.base/jdk.internal.reflect.NativeMethodAccessorImpl.invoke0(Native Method)
at java.base/jdk.internal.reflect.NativeMethodAccessorImpl.invoke(NativeMethodAccessorImpl.java:64)
at java.base/jdk.internal.reflect.DelegatingMethodAccessorImpl.invoke(DelegatingMethodAccessorImpl.java:43)
at java.base/java.lang.reflect.Method.invoke(Method.java:564)
at org.testng.internal.MethodInvocationHelper.invokeMethod(MethodInvocationHelper.java:133)
at org.testng.internal.MethodInvocationHelper.invokeMethodConsideringTimeout(MethodInvocationHelper.java:62)
at org.testng.internal.ConfigInvoker.invokeConfigurationMethod(ConfigInvoker.java:385)
at org.testng.internal.ConfigInvoker.invokeConfigurations(ConfigInvoker.java:321)
at org.testng.TestRunner.invokeTestConfigurations(TestRunner.java:637)
at org.testng.TestRunner.afterRun(TestRunner.java:877)
at org.testng.TestRunner.run(TestRunner.java:599)
at org.testng.SuiteRunner.runTest(SuiteRunner.java:377)
at org.testng.SuiteRunner.runSequentially(SuiteRunner.java:371)
at org.testng.SuiteRunner.privateRun(SuiteRunner.java:332)
at org.testng.SuiteRunner.run(SuiteRunner.java:276)
at org.testng.SuiteRunnerWorker.runSuite(SuiteRunnerWorker.java:53)
at org.testng.SuiteRunnerWorker.run(SuiteRunnerWorker.java:96)
at org.testng.TestNG.runSuitesSequentially(TestNG.java:1212)
at org.testng.TestNG.runSuitesLocally(TestNG.java:1134)
at org.testng.TestNG.runSuites(TestNG.java:1063)
at org.testng.TestNG.run(TestNG.java:1031)
at org.testng.remote.AbstractRemoteTestNG.run(AbstractRemoteTestNG.java:115)
at org.testng.remote.RemoteTestNG.initAndRun(RemoteTestNG.java:251)
at org.testng.remote.RemoteTestNG.main(RemoteTestNG.java:77)
]]>
            </full-stacktrace>
          </exception> <!-- java.lang.AssertionError -->
          <reporter-output>
          </reporter-output>
        </test-method> <!-- stopDockerDeleteFile -->
      </class> <!-- remoteTesting.dockerValidation.chromeTest1 -->
      <class name="remoteTesting.dockerValidation.chromeTest2">
        <test-method signature="test2()[pri:0, instance:remoteTesting.dockerValidation.chromeTest2@7bab3f1a]" started-at="2023-05-26T23:04:37 IST" name="test2" finished-at="2023-05-26T23:06:24 IST" duration-ms="107244" status="PASS">
          <reporter-output>
          </reporter-output>
        </test-method> <!-- test2 -->
      </class> <!-- remoteTesting.dockerValidation.chromeTest2 -->
      <class name="remoteTesting.dockerValidation.chromeTest3">
        <test-method signature="test3()[pri:0, instance:remoteTesting.dockerValidation.chromeTest3@437da279]" started-at="2023-05-26T23:04:37 IST" name="test3" finished-at="2023-05-26T23:06:57 IST" duration-ms="140335" status="PASS">
          <reporter-output>
          </reporter-output>
        </test-method> <!-- test3 -->
      </class> <!-- remoteTesting.dockerValidation.chromeTest3 -->
    </test> <!-- Test -->
  </suite> <!-- Suite -->
</testng-results>
